<?xml version="1.0" encoding="UTF-8"?>
<testsuite xmlns:xsi="http://www.w3.org/2001/XMLSchema-instance" xsi:noNamespaceSchemaLocation="https://maven.apache.org/surefire/maven-surefire-plugin/xsd/surefire-test-report-3.0.xsd" version="3.0" name="org.mystock.MystockApplicationTests" time="6.902" tests="1" errors="0" skipped="0" failures="0">
  <properties>
[...]
</properties>
  <testcase name="contextLoads" classname="org.mystock.MystockApplicationTests" time="0.689">
    <system-out><![CDATA[17:23:03.435 [main] INFO org.springframework.test.context.support.AnnotationConfigContextLoaderUtils -- Could not detect default configuration classes for test class [org.mystock.MystockApplicationTests]: MystockApplicationTests does not declare any static, non-private, non-final, nested classes annotated with @Configuration.
17:23:03.591 [main] INFO org.springframework.boot.test.context.SpringBootTestContextBootstrapper -- Found @SpringBootConfiguration org.mystock.MystockApplication for test class org.mystock.MystockApplicationTests
17:23:03.839 [main] INFO org.springframework.boot.devtools.restart.RestartApplicationListener -- Restart disabled due to context in which it is running

  .   ____          _            __ _ _
 /\\ / ___'_ __ _ _(_)_ __  __ _ \ \ \ \
( ( )\___ | '_ | '_| | '_ \/ _` | \ \ \ \
 \\/  ___)| |_)| | | | | || (_| |  ) ) ) )
  '  |____| .__|_| |_|_| |_\__, | / / / /
 =========|_|==============|___/=/_/_/_/

 :: Spring Boot ::               (v3.3.13)

2025-07-04T17:23:04.274+05:30  INFO 20448 --- [mystock] [           main] org.mystock.MystockApplicationTests      : Starting MystockApplicationTests using Java 17 with PID 20448 (started by pawan.kumar in D:\code\26062025\mystock)
2025-07-04T17:23:04.275+05:30  INFO 20448 --- [mystock] [           main] org.mystock.MystockApplicationTests      : No active profile set, falling back to 1 default profile: "default"
2025-07-04T17:23:05.426+05:30  INFO 20448 --- [mystock] [           main] .s.d.r.c.RepositoryConfigurationDelegate : Bootstrapping Spring Data JPA repositories in DEFAULT mode.
2025-07-04T17:23:05.547+05:30  INFO 20448 --- [mystock] [           main] .s.d.r.c.RepositoryConfigurationDelegate : Finished Spring Data repository scanning in 111 ms. Found 7 JPA repository interfaces.
2025-07-04T17:23:06.097+05:30  INFO 20448 --- [mystock] [           main] o.hibernate.jpa.internal.util.LogHelper  : HHH000204: Processing PersistenceUnitInfo [name: default]
2025-07-04T17:23:06.190+05:30  INFO 20448 --- [mystock] [           main] org.hibernate.Version                    : HHH000412: Hibernate ORM core version 6.5.3.Final
2025-07-04T17:23:06.255+05:30  INFO 20448 --- [mystock] [           main] o.h.c.internal.RegionFactoryInitiator    : HHH000026: Second-level cache disabled
2025-07-04T17:23:06.757+05:30  INFO 20448 --- [mystock] [           main] o.s.o.j.p.SpringPersistenceUnitInfo      : No LoadTimeWeaver setup: ignoring JPA class transformer
2025-07-04T17:23:06.803+05:30  INFO 20448 --- [mystock] [           main] com.zaxxer.hikari.HikariDataSource       : HikariPool-1 - Starting...
2025-07-04T17:23:06.969+05:30  INFO 20448 --- [mystock] [           main] com.zaxxer.hikari.pool.HikariPool        : HikariPool-1 - Added connection com.mysql.cj.jdbc.ConnectionImpl@646e6d07
2025-07-04T17:23:06.970+05:30  INFO 20448 --- [mystock] [           main] com.zaxxer.hikari.HikariDataSource       : HikariPool-1 - Start completed.
2025-07-04T17:23:07.792+05:30  INFO 20448 --- [mystock] [           main] o.h.e.t.j.p.i.JtaPlatformInitiator       : HHH000489: No JTA platform available (set 'hibernate.transaction.jta.platform' to enable JTA platform integration)
2025-07-04T17:23:07.882+05:30  INFO 20448 --- [mystock] [           main] j.LocalContainerEntityManagerFactoryBean : Initialized JPA EntityManagerFactory for persistence unit 'default'
2025-07-04T17:23:08.015+05:30  WARN 20448 --- [mystock] [           main] JpaBaseConfiguration$JpaWebConfiguration : spring.jpa.open-in-view is enabled by default. Therefore, database queries may be performed during view rendering. Explicitly configure spring.jpa.open-in-view to disable this warning
2025-07-04T17:23:08.562+05:30  INFO 20448 --- [mystock] [           main] o.s.d.j.r.query.QueryEnhancerFactory     : Hibernate is in classpath; If applicable, HQL parser will be used.
2025-07-04T17:23:09.436+05:30  INFO 20448 --- [mystock] [           main] org.mystock.MystockApplicationTests      : Started MystockApplicationTests in 5.613 seconds (process running for 7.077)
]]></system-out>
  </testcase>
</testsuite>